<?xml version="1.0" encoding="UTF-8"?>
<!-- Generated by org.testng.reporters.JUnitXMLReporter -->
<testsuite ignored="1" hostname="LAPTOP-5LCRLD5T" failures="0" tests="2" name="Test" time="0.044" errors="0" timestamp="2024-01-04T10:01:24 IST">
  <testcase classname="practice.disable" name="tc1" time="0.006"/>
  <testcase classname="practice.disable" name="tc2" time="0.002"/>
  <testcase classname="practice.disable" name="tc3" time="0.0">
    <ignored/>
  </testcase> <!-- tc3 -->
</testsuite> <!-- Test -->
