<?xml version="1.0" encoding="UTF-8"?>
<testng-results ignored="0" total="2" passed="2" failed="0" skipped="0">
  <reporter-output>
    <line>
      <![CDATA[hello]]>
    </line>
  </reporter-output>
  <suite started-at="2024-01-27T19:00:01 IST" name="Default suite" finished-at="2024-01-27T19:00:01 IST" duration-ms="52">
    <groups>
    </groups>
    <test started-at="2024-01-27T19:00:01 IST" name="Default test" finished-at="2024-01-27T19:00:01 IST" duration-ms="52">
      <class name="practice.softassert">
        <test-method signature="sample()[pri:0, instance:practice.softassert@188715b5]" started-at="2024-01-27T19:00:01 IST" name="sample" finished-at="2024-01-27T19:00:01 IST" duration-ms="9" status="PASS">
          <reporter-output>
          </reporter-output>
        </test-method> <!-- sample -->
        <test-method signature="sample2()[pri:0, instance:practice.softassert@188715b5]" started-at="2024-01-27T19:00:01 IST" name="sample2" finished-at="2024-01-27T19:00:01 IST" duration-ms="2" status="PASS">
          <reporter-output>
            <line>
              <![CDATA[hello]]>
            </line>
          </reporter-output>
        </test-method> <!-- sample2 -->
      </class> <!-- practice.softassert -->
    </test> <!-- Default test -->
  </suite> <!-- Default suite -->
</testng-results>
